# JRE version: OpenJDK Runtime Environment (11.0.4+11) (build 11.0.4+11-post-Ubuntu-1ubuntu218.04.3)
# Java VM: OpenJDK 64-Bit Server VM (11.0.4+11-post-Ubuntu-1ubuntu218.04.3, mixed mode, sharing, tiered, compressed oops, g1 gc, linux-amd64)
Heap:
 garbage-first heap   total 300032K, used 60457K [0x0000000085800000, 0x0000000100000000)
  region size 1024K, 1 young (1024K), 1 survivors (1024K)
 Metaspace       used 35243K, capacity 35821K, committed 36096K, reserved 1081344K
  class space    used 3984K, capacity 4194K, committed 4224K, reserved 1048576K
GC Heap History (10 events):
Event: 442.785 GC heap after
{Heap after GC invocations=61 (full 0):
 garbage-first heap   total 129024K, used 60076K [0x0000000085800000, 0x0000000100000000)
  region size 1024K, 2 young (2048K), 2 survivors (2048K)
 Metaspace       used 35241K, capacity 35821K, committed 36096K, reserved 1081344K
  class space    used 3984K, capacity 4194K, committed 4224K, reserved 1048576K
}
Event: 449.496 GC heap before
{Heap before GC invocations=62 (full 0):
 garbage-first heap   total 129024K, used 107180K [0x0000000085800000, 0x0000000100000000)
  region size 1024K, 49 young (50176K), 2 survivors (2048K)
 Metaspace       used 35242K, capacity 35821K, committed 36096K, reserved 1081344K
  class space    used 3984K, capacity 4194K, committed 4224K, reserved 1048576K
}
Event: 449.561 GC heap after
{Heap after GC invocations=63 (full 0):
 garbage-first heap   total 129024K, used 60429K [0x0000000085800000, 0x0000000100000000)
  region size 1024K, 3 young (3072K), 3 survivors (3072K)
 Metaspace       used 35242K, capacity 35821K, committed 36096K, reserved 1081344K
  class space    used 3984K, capacity 4194K, committed 4224K, reserved 1048576K
}
Event: 484.447 GC heap before
{Heap before GC invocations=63 (full 0):
 garbage-first heap   total 129024K, used 106509K [0x0000000085800000, 0x0000000100000000)
  region size 1024K, 49 young (50176K), 3 survivors (3072K)
 Metaspace       used 35243K, capacity 35821K, committed 36096K, reserved 1081344K
  class space    used 3984K, capacity 4194K, committed 4224K, reserved 1048576K
}
Event: 487.368 GC heap after
{Heap after GC invocations=64 (full 0):
 garbage-first heap   total 129024K, used 60633K [0x0000000085800000, 0x0000000100000000)
  region size 1024K, 3 young (3072K), 3 survivors (3072K)
 Metaspace       used 35243K, capacity 35821K, committed 36096K, reserved 1081344K
  class space    used 3984K, capacity 4194K, committed 4224K, reserved 1048576K
}
Event: 494.774 GC heap before
{Heap before GC invocations=65 (full 0):
 garbage-first heap   total 129024K, used 63705K [0x0000000085800000, 0x0000000100000000)
  region size 1024K, 6 young (6144K), 3 survivors (3072K)
 Metaspace       used 35243K, capacity 35821K, committed 36096K, reserved 1081344K
  class space    used 3984K, capacity 4194K, committed 4224K, reserved 1048576K
}
Event: 497.053 GC heap after
{Heap after GC invocations=66 (full 0):
 garbage-first heap   total 129024K, used 60659K [0x0000000085800000, 0x0000000100000000)
  region size 1024K, 1 young (1024K), 1 survivors (1024K)
 Metaspace       used 35243K, capacity 35821K, committed 36096K, reserved 1081344K
  class space    used 3984K, capacity 4194K, committed 4224K, reserved 1048576K
}
Event: 498.518 GC heap before
{Heap before GC invocations=66 (full 0):
 garbage-first heap   total 129024K, used 65779K [0x0000000085800000, 0x0000000100000000)
  region size 1024K, 6 young (6144K), 1 survivors (1024K)
 Metaspace       used 35243K, capacity 35821K, committed 36096K, reserved 1081344K
  class space    used 3984K, capacity 4194K, committed 4224K, reserved 1048576K
}
Event: 500.725 GC heap after
{Heap after GC invocations=67 (full 0):
 garbage-first heap   total 129024K, used 60476K [0x0000000085800000, 0x0000000100000000)
  region size 1024K, 1 young (1024K), 1 survivors (1024K)
 Metaspace       used 35243K, capacity 35821K, committed 36096K, reserved 1081344K
  class space    used 3984K, capacity 4194K, committed 4224K, reserved 1048576K
}
Event: 502.040 GC heap before
{Heap before GC invocations=68 (full 0):
 garbage-first heap   total 129024K, used 65596K [0x0000000085800000, 0x0000000100000000)
  region size 1024K, 6 young (6144K), 1 survivors (1024K)
 Metaspace       used 35243K, capacity 35821K, committed 36096K, reserved 1081344K
  class space    used 3984K, capacity 4194K, committed 4224K, reserved 1048576K
}

